2026-03-23 16:36:57,069 [INFO] [*] Loaded strategy: sma_trend
2026-03-23 16:36:57,093 [INFO] [*] Loaded strategy: news_sentiment
2026-03-23 16:36:57,094 [INFO] [*] Engine started.
2026-03-23 16:36:57,094 [INFO] [*] Scheduled: Daily analysis at 17:15.
2026-03-23 16:36:57,094 [INFO] [*] Monitoring: Live news every 2 minutes.
2026-03-23 16:36:57,094 [INFO] [*] Heartbeat: Robot engine is running...
2026-03-23 16:38:57,097 [INFO] [*] Checking for live news...
2026-03-23 16:41:02,874 [INFO] [*] Checking for live news...
2026-03-23 16:43:06,569 [INFO] [*] Checking for live news...
2026-03-23 16:45:10,263 [INFO] [*] Checking for live news...
2026-03-23 16:47:14,240 [INFO] [*] Checking for live news...
2026-03-23 16:49:17,870 [INFO] [*] Checking for live news...
2026-03-23 16:51:21,377 [INFO] [*] Checking for live news...
2026-03-23 16:53:25,290 [INFO] [*] Checking for live news...
2026-03-23 16:56:00,154 [INFO] [*] Checking for live news...
2026-03-23 16:58:34,204 [INFO] [*] Checking for live news...
2026-03-23 17:01:07,533 [INFO] [*] Checking for live news...
2026-03-23 17:03:41,233 [INFO] [*] Checking for live news...
2026-03-23 17:06:14,629 [INFO] [*] Checking for live news...
2026-03-23 17:08:48,087 [INFO] [*] Checking for live news...
2026-03-23 17:11:22,395 [INFO] [*] Checking for live news...
2026-03-23 17:13:58,006 [INFO] [*] Checking for live news...
2026-03-23 17:15:01,552 [INFO] [*] Starting daily technical analysis...
2026-03-23 17:15:03,604 [INFO] [-] [sma_trend] SOLD ABB.ST
2026-03-23 17:15:03,950 [INFO] [*] Daily analysis complete.
2026-03-23 17:16:03,945 [INFO] [*] Checking for live news...
2026-03-23 17:18:37,766 [INFO] [*] Checking for live news...
2026-03-23 17:21:11,448 [INFO] [*] Checking for live news...
2026-03-23 17:23:45,647 [INFO] [*] Checking for live news...
2026-03-23 17:26:19,373 [INFO] [*] Checking for live news...
2026-03-23 17:28:52,692 [INFO] [*] Checking for live news...
2026-03-23 17:36:58,238 [INFO] [*] Heartbeat: Robot engine is running...
2026-03-23 18:37:28,103 [INFO] [*] Heartbeat: Robot engine is running...
2026-03-23 19:43:31,008 [INFO] [*] Heartbeat: Robot engine is running...
2026-03-23 20:43:31,101 [INFO] [*] Heartbeat: Robot engine is running...
2026-03-23 21:43:31,163 [INFO] [*] Heartbeat: Robot engine is running...
2026-03-23 22:43:31,218 [INFO] [*] Heartbeat: Robot engine is running...
2026-03-23 23:43:31,270 [INFO] [*] Heartbeat: Robot engine is running...
2026-03-24 00:43:31,321 [INFO] [*] Heartbeat: Robot engine is running...
2026-03-24 01:43:31,372 [INFO] [*] Heartbeat: Robot engine is running...
2026-03-24 02:43:31,420 [INFO] [*] Heartbeat: Robot engine is running...
2026-03-24 03:43:31,469 [INFO] [*] Heartbeat: Robot engine is running...
2026-03-24 04:43:31,524 [INFO] [*] Heartbeat: Robot engine is running...
2026-03-24 05:43:31,576 [INFO] [*] Heartbeat: Robot engine is running...
2026-03-24 06:43:31,631 [INFO] [*] Heartbeat: Robot engine is running...
2026-03-24 07:43:31,686 [INFO] [*] Heartbeat: Robot engine is running...
2026-03-24 08:43:31,741 [INFO] [*] Heartbeat: Robot engine is running...
2026-03-24 09:01:31,759 [INFO] [*] Checking for live news...
2026-03-24 09:03:35,282 [INFO] [*] Checking for live news...
2026-03-24 09:05:38,437 [INFO] [*] Checking for live news...
2026-03-24 09:07:41,768 [INFO] [*] Checking for live news...
2026-03-24 09:09:45,217 [INFO] [*] Checking for live news...
2026-03-24 09:11:48,564 [INFO] [*] Checking for live news...
2026-03-24 09:13:52,247 [INFO] [*] Checking for live news...
2026-03-24 09:15:56,647 [INFO] [*] Checking for live news...
2026-03-24 09:18:00,677 [INFO] [*] Checking for live news...
2026-03-24 09:20:03,934 [INFO] [*] Checking for live news...
2026-03-24 09:22:07,288 [INFO] [*] Checking for live news...
2026-03-24 09:24:10,608 [INFO] [*] Checking for live news...
2026-03-24 09:26:13,778 [INFO] [*] Checking for live news...
2026-03-24 09:28:17,393 [INFO] [*] Checking for live news...
2026-03-24 09:30:20,882 [INFO] [*] Checking for live news...
2026-03-24 09:32:24,670 [INFO] [*] Checking for live news...
2026-03-24 09:34:28,458 [INFO] [*] Checking for live news...
2026-03-24 09:36:32,018 [INFO] [*] Checking for live news...
2026-03-24 09:38:35,588 [INFO] [*] Checking for live news...
2026-03-24 09:40:39,636 [INFO] [*] Checking for live news...
2026-03-24 09:42:42,868 [INFO] [*] Checking for live news...
2026-03-24 09:43:46,320 [INFO] [*] Heartbeat: Robot engine is running...
2026-03-24 09:44:46,322 [INFO] [*] Checking for live news...
2026-03-24 09:46:49,425 [INFO] [*] Checking for live news...
2026-03-24 09:48:52,620 [INFO] [*] Checking for live news...
2026-03-24 09:50:56,987 [INFO] [*] Checking for live news...
2026-03-24 09:53:00,035 [INFO] [*] Checking for live news...
2026-03-24 09:55:03,458 [INFO] [*] Checking for live news...
2026-03-24 09:57:06,929 [INFO] [*] Checking for live news...
2026-03-24 09:59:10,364 [INFO] [*] Checking for live news...
2026-03-24 10:01:13,985 [INFO] [*] Checking for live news...
2026-03-24 10:03:18,519 [INFO] [*] Checking for live news...
2026-03-24 10:05:21,933 [INFO] [*] Checking for live news...
2026-03-24 10:07:25,837 [INFO] [*] Checking for live news...
2026-03-24 10:09:30,455 [INFO] [*] Checking for live news...
2026-03-24 10:11:33,876 [INFO] [*] Checking for live news...
2026-03-24 10:13:37,105 [INFO] [*] Checking for live news...
2026-03-24 10:15:40,951 [INFO] [*] Checking for live news...
2026-03-24 10:17:44,860 [INFO] [*] Checking for live news...
2026-03-24 10:19:48,301 [INFO] [*] Checking for live news...
2026-03-24 10:21:51,921 [INFO] [*] Checking for live news...
2026-03-24 10:23:55,301 [INFO] [*] Checking for live news...
2026-03-24 10:26:02,031 [INFO] [*] Checking for live news...
2026-03-24 10:28:05,557 [INFO] [*] Checking for live news...
2026-03-24 10:30:08,835 [INFO] [*] Checking for live news...
2026-03-24 10:32:12,477 [INFO] [*] Checking for live news...
2026-03-24 10:34:15,801 [INFO] [*] Checking for live news...
2026-03-24 10:36:19,254 [INFO] [*] Checking for live news...
2026-03-24 10:38:22,439 [INFO] [*] Checking for live news...
2026-03-24 10:40:26,899 [INFO] [*] Checking for live news...
2026-03-24 10:42:30,442 [INFO] [*] Checking for live news...
2026-03-24 10:44:04,244 [INFO] [*] Heartbeat: Robot engine is running...
2026-03-24 10:44:34,245 [INFO] [*] Checking for live news...
2026-03-24 10:46:37,447 [INFO] [*] Checking for live news...
2026-03-24 10:48:40,755 [INFO] [*] Checking for live news...
2026-03-24 10:50:44,018 [INFO] [*] Checking for live news...
2026-03-24 10:52:47,233 [INFO] [*] Checking for live news...
2026-03-24 10:54:50,913 [INFO] [*] Checking for live news...
2026-03-24 10:56:54,563 [INFO] [*] Checking for live news...
2026-03-24 10:58:59,491 [INFO] [*] Checking for live news...
2026-03-24 11:01:02,928 [INFO] [*] Checking for live news...
2026-03-24 11:03:06,393 [INFO] [*] Checking for live news...
2026-03-24 11:05:09,811 [INFO] [*] Checking for live news...
2026-03-24 11:07:13,062 [INFO] [*] Checking for live news...
2026-03-24 11:09:16,895 [INFO] [*] Checking for live news...
2026-03-24 11:11:20,199 [INFO] [*] Checking for live news...
2026-03-24 11:13:24,112 [INFO] [*] Checking for live news...
2026-03-24 11:15:28,247 [INFO] [*] Checking for live news...
2026-03-24 11:17:31,575 [INFO] [*] Checking for live news...
2026-03-24 11:19:35,392 [INFO] [*] Checking for live news...
2026-03-24 11:21:38,563 [INFO] [*] Checking for live news...
2026-03-24 11:23:42,706 [INFO] [*] Checking for live news...
2026-03-24 11:25:46,527 [INFO] [*] Checking for live news...
2026-03-24 11:27:49,804 [INFO] [*] Checking for live news...
2026-03-24 11:29:53,161 [INFO] [*] Checking for live news...
2026-03-24 11:31:57,815 [INFO] [*] Checking for live news...
2026-03-24 11:34:01,179 [INFO] [*] Checking for live news...
2026-03-24 11:36:04,518 [INFO] [*] Checking for live news...
2026-03-24 11:38:07,927 [INFO] [*] Checking for live news...
2026-03-24 11:40:11,156 [INFO] [*] Checking for live news...
2026-03-24 11:42:14,734 [INFO] [*] Checking for live news...
2026-03-24 11:44:18,256 [INFO] [*] Checking for live news...
2026-03-24 11:44:21,582 [INFO] [*] Heartbeat: Robot engine is running...
2026-03-24 11:46:21,585 [INFO] [*] Checking for live news...
2026-03-24 11:48:25,259 [INFO] [*] Checking for live news...
2026-03-24 11:50:31,691 [INFO] [*] Checking for live news...
2026-03-24 11:52:35,037 [INFO] [*] Checking for live news...
2026-03-24 11:54:38,488 [INFO] [*] Checking for live news...
2026-03-24 11:56:41,846 [INFO] [*] Checking for live news...
2026-03-24 11:58:45,343 [INFO] [*] Checking for live news...
2026-03-24 12:00:48,704 [INFO] [*] Checking for live news...
2026-03-24 12:02:52,401 [INFO] [*] Checking for live news...
2026-03-24 12:04:55,927 [INFO] [*] Checking for live news...
2026-03-24 12:06:59,328 [INFO] [*] Checking for live news...
2026-03-24 12:09:02,808 [INFO] [*] Checking for live news...
2026-03-24 12:11:06,850 [INFO] [*] Checking for live news...
2026-03-24 12:13:10,078 [INFO] [*] Checking for live news...
2026-03-24 12:15:13,546 [INFO] [*] Checking for live news...
2026-03-24 12:17:16,884 [INFO] [*] Checking for live news...
2026-03-24 12:19:20,074 [INFO] [*] Checking for live news...
2026-03-24 12:21:23,571 [INFO] [*] Checking for live news...
2026-03-24 12:23:27,078 [INFO] [*] Checking for live news...
2026-03-24 12:25:30,516 [INFO] [*] Checking for live news...
2026-03-24 12:27:33,700 [INFO] [*] Checking for live news...
2026-03-24 12:29:38,609 [INFO] [*] Checking for live news...
2026-03-24 12:31:42,023 [INFO] [*] Checking for live news...
2026-03-24 12:33:45,409 [INFO] [*] Checking for live news...
2026-03-24 12:35:49,022 [INFO] [*] Checking for live news...
2026-03-24 12:37:52,244 [INFO] [*] Checking for live news...
2026-03-24 12:39:55,488 [INFO] [*] Checking for live news...
2026-03-24 12:41:59,025 [INFO] [*] Checking for live news...
2026-03-24 12:44:02,631 [INFO] [*] Checking for live news...
2026-03-24 12:44:36,285 [INFO] [*] Heartbeat: Robot engine is running...
2026-03-24 12:46:06,287 [INFO] [*] Checking for live news...
2026-03-24 12:48:10,479 [INFO] [*] Checking for live news...
2026-03-24 12:50:13,969 [INFO] [*] Checking for live news...
2026-03-24 12:52:17,153 [INFO] [*] Checking for live news...
2026-03-24 12:54:20,458 [INFO] [*] Checking for live news...
2026-03-24 12:56:23,886 [INFO] [*] Checking for live news...
2026-03-24 12:58:27,074 [INFO] [*] Checking for live news...
2026-03-24 13:00:30,469 [INFO] [*] Checking for live news...
2026-03-24 13:02:33,847 [INFO] [*] Checking for live news...
2026-03-24 13:04:37,711 [INFO] [*] Checking for live news...
2026-03-24 13:06:41,014 [INFO] [*] Checking for live news...
2026-03-24 13:08:46,012 [INFO] [*] Checking for live news...
2026-03-24 13:10:49,432 [INFO] [*] Checking for live news...
2026-03-24 13:12:52,848 [INFO] [*] Checking for live news...
2026-03-24 13:14:56,395 [INFO] [*] Checking for live news...
2026-03-24 13:16:59,692 [INFO] [*] Checking for live news...
2026-03-24 13:19:03,478 [INFO] [*] Checking for live news...
2026-03-24 13:21:06,978 [INFO] [*] Checking for live news...
2026-03-24 13:23:10,459 [INFO] [*] Checking for live news...
2026-03-24 13:25:14,455 [INFO] [*] Checking for live news...
2026-03-24 13:27:20,948 [INFO] [*] Checking for live news...
2026-03-24 13:29:24,372 [INFO] [*] Checking for live news...
2026-03-24 13:31:27,586 [INFO] [*] Checking for live news...
2026-03-24 13:33:31,091 [INFO] [*] Checking for live news...
2026-03-24 13:35:34,469 [INFO] [*] Checking for live news...
2026-03-24 13:37:37,842 [INFO] [*] Checking for live news...
2026-03-24 13:39:41,144 [INFO] [*] Checking for live news...
2026-03-24 13:41:44,420 [INFO] [*] Checking for live news...
2026-03-24 13:43:49,358 [INFO] [*] Checking for live news...
2026-03-24 13:44:52,889 [INFO] [*] Heartbeat: Robot engine is running...
2026-03-24 13:45:52,891 [INFO] [*] Checking for live news...
2026-03-24 13:47:56,301 [INFO] [*] Checking for live news...
2026-03-24 13:49:59,553 [INFO] [*] Checking for live news...
2026-03-24 13:52:03,049 [INFO] [*] Checking for live news...
2026-03-24 13:54:06,471 [INFO] [*] Checking for live news...
2026-03-24 13:56:09,695 [INFO] [*] Checking for live news...
2026-03-24 13:58:13,109 [INFO] [*] Checking for live news...
2026-03-24 14:00:18,205 [INFO] [*] Checking for live news...
2026-03-24 14:02:21,951 [INFO] [*] Checking for live news...
2026-03-24 14:04:25,438 [INFO] [*] Checking for live news...
2026-03-24 14:06:28,641 [INFO] [*] Checking for live news...
2026-03-24 14:08:32,128 [INFO] [*] Checking for live news...
2026-03-24 14:10:35,644 [INFO] [*] Checking for live news...
2026-03-24 14:12:39,118 [INFO] [*] Checking for live news...
2026-03-24 14:14:42,826 [INFO] [*] Checking for live news...
2026-03-24 14:16:46,249 [INFO] [*] Checking for live news...
2026-03-24 14:18:50,425 [INFO] [*] Checking for live news...
2026-03-24 14:20:54,149 [INFO] [*] Checking for live news...
2026-03-24 14:22:57,482 [INFO] [*] Checking for live news...
2026-03-24 14:25:00,995 [INFO] [*] Checking for live news...
2026-03-24 14:27:04,657 [INFO] [*] Checking for live news...
2026-03-24 14:29:08,151 [INFO] [*] Checking for live news...
2026-03-24 14:31:11,863 [INFO] [*] Checking for live news...
2026-03-24 14:33:15,903 [INFO] [*] Checking for live news...
2026-03-24 14:35:20,558 [INFO] [*] Checking for live news...
2026-03-24 14:37:24,387 [INFO] [*] Checking for live news...
2026-03-24 14:39:28,402 [INFO] [*] Checking for live news...
2026-03-24 14:41:32,372 [INFO] [*] Checking for live news...
2026-03-24 14:43:35,641 [INFO] [*] Checking for live news...
2026-03-24 14:45:09,150 [INFO] [*] Heartbeat: Robot engine is running...
2026-03-24 14:45:39,151 [INFO] [*] Checking for live news...
2026-03-24 14:47:43,083 [INFO] [*] Checking for live news...
2026-03-24 14:49:46,738 [INFO] [*] Checking for live news...
2026-03-24 14:51:51,353 [INFO] [*] Checking for live news...
2026-03-24 14:53:55,156 [INFO] [*] Checking for live news...
2026-03-24 14:55:58,562 [INFO] [*] Checking for live news...
2026-03-24 14:58:02,940 [INFO] [*] Checking for live news...
2026-03-24 15:00:06,838 [INFO] [*] Checking for live news...
2026-03-24 15:02:10,634 [INFO] [*] Checking for live news...
2026-03-24 15:04:18,425 [INFO] [*] Checking for live news...
2026-03-24 15:06:22,943 [INFO] [*] Checking for live news...
2026-03-24 15:08:26,796 [INFO] [*] Checking for live news...
2026-03-24 15:10:30,512 [INFO] [*] Checking for live news...
2026-03-24 15:12:33,768 [INFO] [*] Checking for live news...
2026-03-24 15:14:37,601 [INFO] [*] Checking for live news...
2026-03-24 15:16:41,211 [INFO] [*] Checking for live news...
2026-03-24 15:18:44,817 [INFO] [*] Checking for live news...
2026-03-24 15:20:48,780 [INFO] [*] Checking for live news...
2026-03-24 15:22:53,289 [INFO] [*] Checking for live news...
2026-03-24 15:24:57,065 [INFO] [*] Checking for live news...
2026-03-24 15:27:00,742 [INFO] [*] Checking for live news...
2026-03-24 15:29:03,979 [INFO] [*] Checking for live news...
2026-03-24 15:31:07,494 [INFO] [*] Checking for live news...
2026-03-24 15:33:11,498 [INFO] [*] Checking for live news...
2026-03-24 15:35:15,373 [INFO] [*] Checking for live news...
2026-03-24 15:37:19,091 [INFO] [*] Checking for live news...
2026-03-24 15:39:23,398 [INFO] [*] Checking for live news...
2026-03-24 15:41:27,027 [INFO] [*] Checking for live news...
2026-03-24 15:43:30,757 [INFO] [*] Checking for live news...
2026-03-24 15:45:34,627 [INFO] [*] Checking for live news...
2026-03-24 15:45:38,251 [INFO] [*] Heartbeat: Robot engine is running...
2026-03-24 15:47:38,254 [INFO] [*] Checking for live news...
2026-03-24 15:49:41,613 [INFO] [*] Checking for live news...
2026-03-24 15:51:45,145 [INFO] [*] Checking for live news...
2026-03-24 15:53:48,342 [INFO] [*] Checking for live news...
2026-03-24 15:55:52,561 [INFO] [*] Checking for live news...
2026-03-24 15:57:56,232 [INFO] [*] Checking for live news...
2026-03-24 16:00:00,235 [INFO] [*] Checking for live news...
2026-03-24 16:02:04,680 [INFO] [*] Checking for live news...
2026-03-24 16:04:08,275 [INFO] [*] Checking for live news...
2026-03-24 16:06:12,073 [INFO] [*] Checking for live news...
2026-03-24 16:08:15,431 [INFO] [*] Checking for live news...
2026-03-24 16:10:18,711 [INFO] [*] Checking for live news...
2026-03-24 16:12:22,594 [INFO] [*] Checking for live news...
2026-03-24 16:14:26,601 [INFO] [*] Checking for live news...
2026-03-24 16:16:29,987 [INFO] [*] Checking for live news...
2026-03-24 16:18:33,723 [INFO] [*] Checking for live news...
2026-03-24 16:20:37,266 [INFO] [*] Checking for live news...
2026-03-24 16:22:40,643 [INFO] [*] Checking for live news...
2026-03-24 16:24:44,011 [INFO] [*] Checking for live news...
2026-03-24 16:26:47,379 [INFO] [*] Checking for live news...
2026-03-24 16:28:50,756 [INFO] [*] Checking for live news...
2026-03-24 16:30:54,965 [INFO] [*] Checking for live news...
2026-03-24 16:32:58,292 [INFO] [*] Checking for live news...
2026-03-24 16:35:01,675 [INFO] [*] Checking for live news...
2026-03-24 16:37:05,045 [INFO] [*] Checking for live news...
2026-03-24 16:39:08,574 [INFO] [*] Checking for live news...
2026-03-24 16:41:11,940 [INFO] [*] Checking for live news...
2026-03-24 16:43:15,399 [INFO] [*] Checking for live news...
2026-03-24 16:45:19,170 [INFO] [*] Checking for live news...
2026-03-24 16:45:53,695 [INFO] [*] Heartbeat: Robot engine is running...
2026-03-24 16:47:23,696 [INFO] [*] Checking for live news...
2026-03-24 16:49:26,967 [INFO] [*] Checking for live news...
2026-03-24 16:51:31,917 [INFO] [*] Checking for live news...
2026-03-24 16:53:35,309 [INFO] [*] Checking for live news...
2026-03-24 16:55:38,794 [INFO] [*] Checking for live news...
2026-03-24 16:57:42,492 [INFO] [*] Checking for live news...
2026-03-24 16:59:45,884 [INFO] [*] Checking for live news...
2026-03-24 17:01:49,210 [INFO] [*] Checking for live news...
2026-03-24 17:03:53,724 [INFO] [*] Checking for live news...
2026-03-24 17:05:57,323 [INFO] [*] Checking for live news...
2026-03-24 17:08:00,712 [INFO] [*] Checking for live news...
2026-03-24 17:10:04,312 [INFO] [*] Checking for live news...
2026-03-24 17:12:07,639 [INFO] [*] Checking for live news...
2026-03-24 17:14:11,271 [INFO] [*] Checking for live news...
2026-03-24 17:15:14,775 [INFO] [*] Starting daily technical analysis...
2026-03-24 17:15:16,375 [INFO] [*] Daily analysis complete.
2026-03-24 17:16:16,377 [INFO] [*] Checking for live news...
2026-03-24 17:18:19,881 [INFO] [*] Checking for live news...
2026-03-24 17:20:23,648 [INFO] [*] Checking for live news...
2026-03-24 17:22:27,093 [INFO] [*] Checking for live news...
2026-03-24 17:24:31,320 [INFO] [*] Checking for live news...
2026-03-24 17:26:36,478 [INFO] [*] Checking for live news...
2026-03-24 17:28:39,901 [INFO] [*] Checking for live news...
2026-03-24 17:46:13,708 [INFO] [*] Heartbeat: Robot engine is running...
2026-03-24 18:46:13,764 [INFO] [*] Heartbeat: Robot engine is running...
2026-03-24 21:19:27,719 [INFO] [*] Heartbeat: Robot engine is running...
2026-03-24 22:19:47,550 [INFO] [*] Heartbeat: Robot engine is running...
2026-03-25 00:27:16,170 [INFO] [*] Heartbeat: Robot engine is running...
2026-03-25 23:11:45,649 [INFO] [*] Heartbeat: Robot engine is running...
2026-03-26 01:23:37,041 [INFO] [*] Heartbeat: Robot engine is running...
2026-03-26 17:10:16,422 [INFO] [*] Checking for live news...
2026-03-26 17:10:20,559 [INFO] [*] Heartbeat: Robot engine is running...
2026-03-26 17:12:20,561 [INFO] [*] Checking for live news...
2026-03-26 17:14:24,506 [INFO] [*] Checking for live news...
2026-03-26 17:15:28,579 [INFO] [*] Starting daily technical analysis...
2026-03-26 17:15:30,264 [INFO] [*] Daily analysis complete.
2026-03-26 17:16:30,265 [INFO] [*] Checking for live news...
2026-03-26 17:18:33,856 [INFO] [*] Checking for live news...
2026-03-26 17:20:37,576 [INFO] [*] Checking for live news...
2026-03-26 17:22:41,066 [INFO] [*] Checking for live news...
2026-03-26 17:24:44,830 [INFO] [*] Checking for live news...
2026-03-26 17:26:48,360 [INFO] [*] Checking for live news...
2026-03-26 17:29:22,049 [INFO] [*] Checking for live news...
2026-03-26 18:51:27,575 [INFO] [*] Heartbeat: Robot engine is running...
2026-03-26 19:51:27,670 [INFO] [*] Heartbeat: Robot engine is running...
2026-03-26 20:51:27,709 [INFO] [*] Heartbeat: Robot engine is running...
2026-03-26 21:51:27,749 [INFO] [*] Heartbeat: Robot engine is running...
2026-03-26 22:51:27,785 [INFO] [*] Heartbeat: Robot engine is running...
2026-03-27 01:07:51,103 [INFO] [*] Heartbeat: Robot engine is running...
2026-03-27 03:07:50,955 [INFO] [*] Heartbeat: Robot engine is running...
2026-03-29 18:15:04,194 [INFO] [*] Heartbeat: Robot engine is running...
2026-03-30 00:25:41,164 [INFO] [*] Heartbeat: Robot engine is running...
2026-04-03 17:41:43,846 [INFO] [*] Heartbeat: Robot engine is running...
2026-04-03 18:41:43,900 [INFO] [*] Heartbeat: Robot engine is running...
2026-04-03 19:41:43,953 [INFO] [*] Heartbeat: Robot engine is running...
2026-04-03 22:16:58,840 [INFO] [*] Heartbeat: Robot engine is running...
2026-04-03 23:45:22,867 [INFO] [*] Heartbeat: Robot engine is running...
2026-04-04 00:45:22,915 [INFO] [*] Heartbeat: Robot engine is running...
2026-04-04 01:45:39,356 [INFO] [*] Heartbeat: Robot engine is running...
2026-04-04 02:45:45,958 [INFO] [*] Heartbeat: Robot engine is running...
2026-04-04 08:32:29,180 [INFO] [*] Heartbeat: Robot engine is running...
2026-04-04 09:32:38,391 [INFO] [*] Heartbeat: Robot engine is running...
2026-04-04 12:12:54,296 [INFO] [*] Heartbeat: Robot engine is running...
2026-04-04 13:52:31,453 [INFO] [*] Heartbeat: Robot engine is running...
2026-04-04 23:27:12,009 [INFO] [*] Heartbeat: Robot engine is running...
2026-04-05 00:27:41,888 [INFO] [*] Heartbeat: Robot engine is running...
2026-04-05 01:28:11,725 [INFO] [*] Heartbeat: Robot engine is running...
2026-04-05 02:28:41,713 [INFO] [*] Heartbeat: Robot engine is running...
2026-04-23 17:21:18,742 [INFO] [*] Loaded strategy: sma_trend
2026-04-23 17:21:18,793 [INFO] [*] Loaded strategy: news_sentiment
2026-04-23 17:21:18,797 [INFO] [*] Loaded strategy: rsi_reversion
2026-04-23 17:21:18,800 [INFO] [*] Loaded strategy: bollinger_reversion
2026-04-23 17:21:18,804 [INFO] [*] Loaded strategy: macd_momentum
2026-04-23 17:21:18,807 [INFO] [*] Loaded strategy: small_cap_volatility
2026-04-23 17:21:18,807 [INFO] [*] Starting daily technical analysis...
2026-04-23 17:21:23,697 [INFO] [+] [sma_trend] BOUGHT 3 VOLV-B.ST
2026-04-23 17:21:24,299 [INFO] [+] [sma_trend] BOUGHT 2 INVE-B.ST
2026-04-23 17:21:24,898 [INFO] [+] [sma_trend] BOUGHT 5 SEB-A.ST
2026-04-23 17:21:28,140 [INFO] [+] [rsi_reversion] BOUGHT 295 SBB-B.ST
2026-04-23 17:21:28,425 [INFO] [+] [bollinger_reversion] BOUGHT 295 SBB-B.ST
2026-04-23 17:21:30,489 [INFO] [*] Daily analysis complete.
2026-04-23 17:21:30,490 [INFO] [*] Checking for live news...
2026-04-23 17:52:29,677 [INFO] [*] Loaded strategy: sma_trend
2026-04-23 17:52:29,693 [INFO] [*] Loaded strategy: news_sentiment
2026-04-23 17:52:29,695 [INFO] [*] Loaded strategy: rsi_reversion
2026-04-23 17:52:29,696 [INFO] [*] Loaded strategy: bollinger_reversion
2026-04-23 17:52:29,698 [INFO] [*] Loaded strategy: macd_momentum
2026-04-23 17:52:29,700 [INFO] [*] Loaded strategy: small_cap_volatility
2026-04-23 17:52:29,700 [INFO] [*] Starting daily technical analysis...
2026-04-23 17:52:34,596 [INFO] [*] Daily analysis complete.
2026-04-23 17:52:34,597 [INFO] [*] Checking for live news...
2026-04-23 17:00:36,786 [INFO] [*] Loaded strategy: sma_trend
2026-04-23 17:00:36,796 [INFO] [*] Loaded strategy: news_sentiment
2026-04-23 17:00:36,797 [INFO] [*] Loaded strategy: rsi_reversion
2026-04-23 17:00:36,797 [INFO] [*] Loaded strategy: bollinger_reversion
2026-04-23 17:00:36,798 [INFO] [*] Loaded strategy: macd_momentum
2026-04-23 17:00:36,799 [INFO] [*] Loaded strategy: small_cap_volatility
2026-04-23 17:00:36,799 [INFO] [*] Starting daily technical analysis...
2026-04-23 17:00:42,850 [INFO] [*] Daily analysis complete.
2026-04-23 17:00:42,850 [INFO] [*] Checking for live news...
2026-04-23 18:04:30,574 [INFO] [*] Loaded strategy: sma_trend
2026-04-23 18:04:30,584 [INFO] [*] Loaded strategy: news_sentiment
2026-04-23 18:04:30,585 [INFO] [*] Loaded strategy: rsi_reversion
2026-04-23 18:04:30,586 [INFO] [*] Loaded strategy: bollinger_reversion
2026-04-23 18:04:30,587 [INFO] [*] Loaded strategy: macd_momentum
2026-04-23 18:04:30,588 [INFO] [*] Loaded strategy: small_cap_volatility
2026-04-23 18:04:30,588 [INFO] [*] Starting daily technical analysis...
2026-04-23 18:04:35,173 [INFO] [*] Daily analysis complete.
2026-04-23 18:04:35,174 [INFO] [*] Checking for live news...
2026-04-24 09:46:13,357 [INFO] [*] Loaded strategy: sma_trend
2026-04-24 09:46:13,367 [INFO] [*] Loaded strategy: news_sentiment
2026-04-24 09:46:13,368 [INFO] [*] Loaded strategy: rsi_reversion
2026-04-24 09:46:13,369 [INFO] [*] Loaded strategy: bollinger_reversion
2026-04-24 09:46:13,369 [INFO] [*] Loaded strategy: macd_momentum
2026-04-24 09:46:13,370 [INFO] [*] Loaded strategy: small_cap_volatility
2026-04-24 09:46:13,370 [INFO] [*] Starting daily technical analysis...
2026-04-24 09:46:17,891 [INFO] [*] Daily analysis complete.
2026-04-24 09:46:17,891 [INFO] [*] Checking for live news...
2026-04-24 11:07:38,911 [INFO] [*] Loaded strategy: sma_trend
2026-04-24 11:07:38,921 [INFO] [*] Loaded strategy: news_sentiment
2026-04-24 11:07:38,922 [INFO] [*] Loaded strategy: rsi_reversion
2026-04-24 11:07:38,923 [INFO] [*] Loaded strategy: bollinger_reversion
2026-04-24 11:07:38,924 [INFO] [*] Loaded strategy: macd_momentum
2026-04-24 11:07:38,925 [INFO] [*] Loaded strategy: small_cap_volatility
2026-04-24 11:07:38,925 [INFO] [*] Starting daily technical analysis...
2026-04-24 11:07:42,759 [INFO] [*] Daily analysis complete.
2026-04-24 11:07:42,759 [INFO] [*] Checking for live news...
2026-04-24 12:13:25,616 [INFO] [*] Loaded strategy: sma_trend
2026-04-24 12:13:25,623 [INFO] [*] Loaded strategy: news_sentiment
2026-04-24 12:13:25,624 [INFO] [*] Loaded strategy: rsi_reversion
2026-04-24 12:13:25,625 [INFO] [*] Loaded strategy: bollinger_reversion
2026-04-24 12:13:25,625 [INFO] [*] Loaded strategy: macd_momentum
2026-04-24 12:13:25,626 [INFO] [*] Loaded strategy: small_cap_volatility
2026-04-24 12:13:25,626 [INFO] [*] Starting daily technical analysis...
2026-04-24 12:13:33,066 [INFO] [*] Daily analysis complete.
2026-04-24 12:13:33,066 [INFO] [*] Checking for live news...
